<?xml version="1.0" encoding="UTF-8"?>
<testsuite name="com.example.exemplogradle.ExemploGradleApplicationTests" tests="1" skipped="0" failures="0" errors="0" timestamp="2021-04-25T13:22:59" hostname="DESKTOP-HH7KABT" time="0.406">
  <properties/>
  <testcase name="contextLoads()" classname="com.example.exemplogradle.ExemploGradleApplicationTests" time="0.406"/>
  <system-out><![CDATA[10:22:56.251 [Test worker] DEBUG org.springframework.test.context.BootstrapUtils - Instantiating CacheAwareContextLoaderDelegate from class [org.springframework.test.context.cache.DefaultCacheAwareContextLoaderDelegate]
10:22:56.270 [Test worker] DEBUG org.springframework.test.context.BootstrapUtils - Instantiating BootstrapContext using constructor [public org.springframework.test.context.support.DefaultBootstrapContext(java.lang.Class,org.springframework.test.context.CacheAwareContextLoaderDelegate)]
10:22:56.316 [Test worker] DEBUG org.springframework.test.context.BootstrapUtils - Instantiating TestContextBootstrapper for test class [com.example.exemplogradle.ExemploGradleApplicationTests] from class [org.springframework.boot.test.context.SpringBootTestContextBootstrapper]
10:22:56.331 [Test worker] INFO org.springframework.boot.test.context.SpringBootTestContextBootstrapper - Neither @ContextConfiguration nor @ContextHierarchy found for test class [com.example.exemplogradle.ExemploGradleApplicationTests], using SpringBootContextLoader
10:22:56.336 [Test worker] DEBUG org.springframework.test.context.support.AbstractContextLoader - Did not detect default resource location for test class [com.example.exemplogradle.ExemploGradleApplicationTests]: class path resource [com/example/exemplogradle/ExemploGradleApplicationTests-context.xml] does not exist
10:22:56.337 [Test worker] DEBUG org.springframework.test.context.support.AbstractContextLoader - Did not detect default resource location for test class [com.example.exemplogradle.ExemploGradleApplicationTests]: class path resource [com/example/exemplogradle/ExemploGradleApplicationTestsContext.groovy] does not exist
10:22:56.337 [Test worker] INFO org.springframework.test.context.support.AbstractContextLoader - Could not detect default resource locations for test class [com.example.exemplogradle.ExemploGradleApplicationTests]: no resource found for suffixes {-context.xml, Context.groovy}.
10:22:56.338 [Test worker] INFO org.springframework.test.context.support.AnnotationConfigContextLoaderUtils - Could not detect default configuration classes for test class [com.example.exemplogradle.ExemploGradleApplicationTests]: ExemploGradleApplicationTests does not declare any static, non-private, non-final, nested classes annotated with @Configuration.
10:22:56.395 [Test worker] DEBUG org.springframework.test.context.support.ActiveProfilesUtils - Could not find an 'annotation declaring class' for annotation type [org.springframework.test.context.ActiveProfiles] and class [com.example.exemplogradle.ExemploGradleApplicationTests]
10:22:56.477 [Test worker] DEBUG org.springframework.context.annotation.ClassPathScanningCandidateComponentProvider - Identified candidate component class: file [D:\Samuel\Curso Java\exemplo-gradle\build\classes\java\main\com\example\exemplogradle\ExemploGradleApplication.class]
10:22:56.478 [Test worker] INFO org.springframework.boot.test.context.SpringBootTestContextBootstrapper - Found @SpringBootConfiguration com.example.exemplogradle.ExemploGradleApplication for test class com.example.exemplogradle.ExemploGradleApplicationTests
10:22:56.642 [Test worker] DEBUG org.springframework.boot.test.context.SpringBootTestContextBootstrapper - @TestExecutionListeners is not present for class [com.example.exemplogradle.ExemploGradleApplicationTests]: using defaults.
10:22:56.643 [Test worker] INFO org.springframework.boot.test.context.SpringBootTestContextBootstrapper - Loaded default TestExecutionListener class names from location [META-INF/spring.factories]: [org.springframework.boot.test.autoconfigure.restdocs.RestDocsTestExecutionListener, org.springframework.boot.test.autoconfigure.web.client.MockRestServiceServerResetTestExecutionListener, org.springframework.boot.test.autoconfigure.web.servlet.MockMvcPrintOnlyOnFailureTestExecutionListener, org.springframework.boot.test.autoconfigure.web.servlet.WebDriverTestExecutionListener, org.springframework.boot.test.autoconfigure.webservices.client.MockWebServiceServerTestExecutionListener, org.springframework.boot.test.mock.mockito.MockitoTestExecutionListener, org.springframework.boot.test.mock.mockito.ResetMocksTestExecutionListener, org.springframework.test.context.web.ServletTestExecutionListener, org.springframework.test.context.support.DirtiesContextBeforeModesTestExecutionListener, org.springframework.test.context.event.ApplicationEventsTestExecutionListener, org.springframework.test.context.support.DependencyInjectionTestExecutionListener, org.springframework.test.context.support.DirtiesContextTestExecutionListener, org.springframework.test.context.transaction.TransactionalTestExecutionListener, org.springframework.test.context.jdbc.SqlScriptsTestExecutionListener, org.springframework.test.context.event.EventPublishingTestExecutionListener]
10:22:56.659 [Test worker] DEBUG org.springframework.boot.test.context.SpringBootTestContextBootstrapper - Skipping candidate TestExecutionListener [org.springframework.test.context.transaction.TransactionalTestExecutionListener] due to a missing dependency. Specify custom listener classes or make the default listener classes and their required dependencies available. Offending class: [org/springframework/transaction/interceptor/TransactionAttributeSource]
10:22:56.660 [Test worker] DEBUG org.springframework.boot.test.context.SpringBootTestContextBootstrapper - Skipping candidate TestExecutionListener [org.springframework.test.context.jdbc.SqlScriptsTestExecutionListener] due to a missing dependency. Specify custom listener classes or make the default listener classes and their required dependencies available. Offending class: [org/springframework/transaction/interceptor/TransactionAttribute]
10:22:56.661 [Test worker] INFO org.springframework.boot.test.context.SpringBootTestContextBootstrapper - Using TestExecutionListeners: [org.springframework.test.context.web.ServletTestExecutionListener@22f0b7bf, org.springframework.test.context.support.DirtiesContextBeforeModesTestExecutionListener@30c1d239, org.springframework.test.context.event.ApplicationEventsTestExecutionListener@41df30ec, org.springframework.boot.test.mock.mockito.MockitoTestExecutionListener@7333a33d, org.springframework.boot.test.autoconfigure.SpringBootDependencyInjectionTestExecutionListener@54d9bfab, org.springframework.test.context.support.DirtiesContextTestExecutionListener@6ab7ff13, org.springframework.test.context.event.EventPublishingTestExecutionListener@5257faf9, org.springframework.boot.test.autoconfigure.restdocs.RestDocsTestExecutionListener@3c1381c5, org.springframework.boot.test.autoconfigure.web.client.MockRestServiceServerResetTestExecutionListener@25ae550b, org.springframework.boot.test.autoconfigure.web.servlet.MockMvcPrintOnlyOnFailureTestExecutionListener@703479ca, org.springframework.boot.test.autoconfigure.web.servlet.WebDriverTestExecutionListener@1dd9d507, org.springframework.boot.test.autoconfigure.webservices.client.MockWebServiceServerTestExecutionListener@3de472d0, org.springframework.boot.test.mock.mockito.ResetMocksTestExecutionListener@6ab56e6a]
10:22:56.669 [Test worker] DEBUG org.springframework.test.context.support.AbstractDirtiesContextTestExecutionListener - Before test class: context [DefaultTestContext@423bc39b testClass = ExemploGradleApplicationTests, testInstance = [null], testMethod = [null], testException = [null], mergedContextConfiguration = [WebMergedContextConfiguration@570b9477 testClass = ExemploGradleApplicationTests, locations = '{}', classes = '{class com.example.exemplogradle.ExemploGradleApplication}', contextInitializerClasses = '[]', activeProfiles = '{}', propertySourceLocations = '{}', propertySourceProperties = '{org.springframework.boot.test.context.SpringBootTestContextBootstrapper=true}', contextCustomizers = set[org.springframework.boot.test.autoconfigure.actuate.metrics.MetricsExportContextCustomizerFactory$DisableMetricExportContextCustomizer@15ab5947, org.springframework.boot.test.autoconfigure.properties.PropertyMappingContextCustomizer@0, org.springframework.boot.test.autoconfigure.web.servlet.WebDriverContextCustomizerFactory$Customizer@bd63815, org.springframework.boot.test.context.filter.ExcludeFilterContextCustomizer@39a6adef, org.springframework.boot.test.json.DuplicateJsonObjectContextCustomizerFactory$DuplicateJsonObjectContextCustomizer@318ef5e7, org.springframework.boot.test.mock.mockito.MockitoContextCustomizer@0, org.springframework.boot.test.web.client.TestRestTemplateContextCustomizer@eb5a2af, org.springframework.boot.test.context.SpringBootTestArgs@1, org.springframework.boot.test.context.SpringBootTestWebEnvironment@6b4a4dfc], resourceBasePath = 'src/main/webapp', contextLoader = 'org.springframework.boot.test.context.SpringBootContextLoader', parent = [null]], attributes = map['org.springframework.test.context.web.ServletTestExecutionListener.activateListener' -> true]], class annotated with @DirtiesContext [false] with mode [null].
10:22:56.714 [Test worker] DEBUG org.springframework.test.context.support.TestPropertySourceUtils - Adding inlined properties to environment: {spring.jmx.enabled=false, org.springframework.boot.test.context.SpringBootTestContextBootstrapper=true}

  .   ____          _            __ _ _
 /\\ / ___'_ __ _ _(_)_ __  __ _ \ \ \ \
( ( )\___ | '_ | '_| | '_ \/ _` | \ \ \ \
 \\/  ___)| |_)| | | | | || (_| |  ) ) ) )
  '  |____| .__|_| |_|_| |_\__, | / / / /
 =========|_|==============|___/=/_/_/_/
 :: Spring Boot ::                (v2.4.5)

2021-04-25 10:22:57.100  INFO 13876 --- [    Test worker] c.e.e.ExemploGradleApplicationTests      : Starting ExemploGradleApplicationTests using Java 11.0.10 on DESKTOP-HH7KABT with PID 13876 (started by samue in D:\Samuel\Curso Java\exemplo-gradle)
2021-04-25 10:22:57.104  INFO 13876 --- [    Test worker] c.e.e.ExemploGradleApplicationTests      : No active profile set, falling back to default profiles: default
2021-04-25 10:22:58.706  INFO 13876 --- [    Test worker] o.s.s.concurrent.ThreadPoolTaskExecutor  : Initializing ExecutorService 'applicationTaskExecutor'
2021-04-25 10:22:59.109  INFO 13876 --- [    Test worker] c.e.e.ExemploGradleApplicationTests      : Started ExemploGradleApplicationTests in 2.384 seconds (JVM running for 4.304)
]]></system-out>
  <system-err><![CDATA[]]></system-err>
</testsuite>
